<?xml version="1.0" encoding="UTF-8"?>
<!-- Generated by org.testng.reporters.JUnitReportReporter -->
<testsuite skipped="0" hostname="shamanthN" name="Scripts.TestCase5" tests="1" failures="0" timestamp="03 Oct 2018 13:19:00 GMT" time="47.639" errors="0">
  <testcase name="SelectShoe" time="47.639" classname="Scripts.TestCase5"/>
</testsuite> <!-- Scripts.TestCase5 -->
