<?xml version="1.0" encoding="UTF-8"?>
<!-- Generated by org.testng.reporters.JUnitReportReporter -->
<testsuite skipped="0" hostname="shamanthN" name="Scripts.TestCase8" tests="1" failures="0" timestamp="03 Oct 2018 13:19:00 GMT" time="23.206" errors="0">
  <testcase name="kids" time="23.206" classname="Scripts.TestCase8"/>
</testsuite> <!-- Scripts.TestCase8 -->
