<?xml version="1.0" encoding="UTF-8"?>
<!-- Generated by org.testng.reporters.JUnitReportReporter -->
<testsuite skipped="0" hostname="shamanthN" name="Scripts.Login_User" tests="1" failures="0" timestamp="03 Oct 2018 12:41:27 GMT" time="39.746" errors="0">
  <testcase name="Login" time="39.746" classname="Scripts.Login_User"/>
</testsuite> <!-- Scripts.Login_User -->
