<?xml version="1.0" encoding="UTF-8"?>
<!-- Generated by org.testng.reporters.JUnitReportReporter -->
<testsuite skipped="0" hostname="shamanthN" name="Scripts.TestCase9" tests="1" failures="0" timestamp="03 Oct 2018 13:19:00 GMT" time="35.266" errors="0">
  <testcase name="bag" time="35.266" classname="Scripts.TestCase9"/>
</testsuite> <!-- Scripts.TestCase9 -->
