<?xml version="1.0" encoding="UTF-8"?>
<!-- Generated by org.testng.reporters.JUnitReportReporter -->
<testsuite skipped="0" hostname="shamanthN" name="Scripts.TestCase1" tests="1" failures="0" timestamp="04 Oct 2018 03:30:27 GMT" time="33.175" errors="0">
  <testcase name="Login" time="33.175" classname="Scripts.TestCase1"/>
</testsuite> <!-- Scripts.TestCase1 -->
