<?xml version="1.0" encoding="UTF-8"?>
<!-- Generated by org.testng.reporters.JUnitReportReporter -->
<testsuite skipped="0" hostname="shamanthN" name="Scripts.DownLOadApp" tests="1" failures="0" timestamp="03 Oct 2018 06:20:41 GMT" time="39.949" errors="0">
  <testcase name="Download" time="39.949" classname="Scripts.DownLOadApp"/>
</testsuite> <!-- Scripts.DownLOadApp -->
