<?xml version="1.0" encoding="UTF-8"?>
<!-- Generated by org.testng.reporters.JUnitReportReporter -->
<testsuite skipped="0" hostname="shamanthN" name="Scripts.TestCase3" tests="1" failures="0" timestamp="03 Oct 2018 13:19:00 GMT" time="53.252" errors="0">
  <testcase name="Wistlist" time="53.252" classname="Scripts.TestCase3"/>
</testsuite> <!-- Scripts.TestCase3 -->
