<?xml version="1.0" encoding="UTF-8"?>
<!-- Generated by org.testng.reporters.JUnitReportReporter -->
<testsuite skipped="0" hostname="shamanthN" name="Scripts.TrackOrder" tests="1" failures="0" timestamp="03 Oct 2018 12:41:27 GMT" time="28.995" errors="0">
  <testcase name="Track" time="28.995" classname="Scripts.TrackOrder"/>
</testsuite> <!-- Scripts.TrackOrder -->
