<?xml version="1.0" encoding="UTF-8"?>
<!-- Generated by org.testng.reporters.JUnitReportReporter -->
<testsuite skipped="0" hostname="shamanthN" name="Scripts.TestCase4" tests="1" failures="0" timestamp="03 Oct 2018 13:19:00 GMT" time="31.918" errors="0">
  <testcase name="style" time="31.918" classname="Scripts.TestCase4"/>
</testsuite> <!-- Scripts.TestCase4 -->
