<?xml version="1.0" encoding="UTF-8"?>
<!-- Generated by org.testng.reporters.JUnitReportReporter -->
<testsuite skipped="0" hostname="shamanthN" name="Scripts.ClickOnBag" tests="1" failures="0" timestamp="03 Oct 2018 05:27:10 GMT" time="18.716" errors="0">
  <testcase name="bag" time="18.716" classname="Scripts.ClickOnBag"/>
</testsuite> <!-- Scripts.ClickOnBag -->
