<?xml version="1.0" encoding="UTF-8"?>
<!-- Generated by org.testng.reporters.JUnitReportReporter -->
<testsuite skipped="0" hostname="shamanthN" name="Scripts.TestCase2" tests="1" failures="0" timestamp="03 Oct 2018 13:19:00 GMT" time="40.952" errors="0">
  <testcase name="Track" time="40.952" classname="Scripts.TestCase2"/>
</testsuite> <!-- Scripts.TestCase2 -->
