<?xml version="1.0" encoding="UTF-8"?>
<!-- Generated by org.testng.reporters.JUnitReportReporter -->
<testsuite skipped="0" hostname="shamanthN" name="Scripts.SelectShoeAndBuy" tests="1" failures="0" timestamp="03 Oct 2018 12:41:27 GMT" time="32.874" errors="0">
  <testcase name="SelectShoe" time="32.874" classname="Scripts.SelectShoeAndBuy"/>
</testsuite> <!-- Scripts.SelectShoeAndBuy -->
