<?xml version="1.0" encoding="UTF-8"?>
<!-- Generated by org.testng.reporters.JUnitReportReporter -->
<testsuite skipped="0" hostname="shamanthN" name="Scripts.TestCase7" tests="1" failures="0" timestamp="03 Oct 2018 13:19:00 GMT" time="47.232" errors="0">
  <testcase name="main" time="47.232" classname="Scripts.TestCase7"/>
</testsuite> <!-- Scripts.TestCase7 -->
