<?xml version="1.0" encoding="UTF-8"?>
<!-- Generated by org.testng.reporters.JUnitReportReporter -->
<testsuite skipped="0" hostname="shamanthN" name="Scripts.TestCase10" tests="1" failures="0" timestamp="04 Oct 2018 03:57:13 GMT" time="47.718" errors="0">
  <testcase name="homeandliving" time="47.718" classname="Scripts.TestCase10"/>
</testsuite> <!-- Scripts.TestCase10 -->
